<?xml version="1.0" encoding="UTF-8"?>
<testsuite name="memory.MemoryFinderTest" tests="1" skipped="0" failures="0" errors="0" timestamp="2024-07-03T13:39:27" hostname="HOME-DESKTOP" time="0.1">
  <properties/>
  <testcase name="get()" classname="memory.MemoryFinderTest" time="0.1"/>
  <system-out><![CDATA[memory = Memory{used=16989496, max=536870912}
]]></system-out>
  <system-err><![CDATA[]]></system-err>
</testsuite>
