<?xml version="1.0" encoding="UTF-8"?>
<testsuite name="memory.MemoryFinderTest" tests="1" skipped="0" failures="0" errors="0" timestamp="2024-07-01T13:44:57" hostname="HOME-DESKTOP" time="0.078">
  <properties/>
  <testcase name="get()" classname="memory.MemoryFinderTest" time="0.078"/>
  <system-out><![CDATA[memory = Memory{used=16635096, max=536870912}
]]></system-out>
  <system-err><![CDATA[]]></system-err>
</testsuite>
